<?xml version="1.0" encoding="UTF-8"?>
<!-- Generated by org.testng.reporters.JUnitXMLReporter -->
<testsuite ignored="0" hostname="LAPTOP-D48PB34H" failures="0" tests="7" name="Firefox" time="105.941" errors="0" timestamp="2022-10-01T19:45:36 AEST">
  <testcase classname="com.planit.selenium.tests.JupiterShoppingCartTest" name="shoppingCartTest" time="9.162"/>
  <testcase classname="com.planit.selenium.tests.JupiterContactsTest" name="contactsSubmissionE2E" time="7.643"/>
  <testcase classname="com.planit.selenium.tests.JupiterContactsTest" name="contactsSubmissionPositive" time="18.036"/>
  <testcase classname="com.planit.selenium.tests.JupiterContactsTest" name="contactsSubmissionPositive" time="5.285"/>
  <testcase classname="com.planit.selenium.tests.JupiterContactsTest" name="contactsSubmissionPositive" time="28.088"/>
  <testcase classname="com.planit.selenium.tests.JupiterContactsTest" name="contactsSubmissionPositive" time="6.243"/>
  <testcase classname="com.planit.selenium.tests.JupiterContactsTest" name="contactsSubmissionPositive" time="9.962"/>
</testsuite> <!-- Firefox -->
