<?xml version="1.0" encoding="UTF-8"?>
<!-- Generated by org.testng.reporters.JUnitXMLReporter -->
<testsuite ignored="0" hostname="LAPTOP-D48PB34H" failures="0" tests="7" name="Firefox" time="78.049" errors="0" timestamp="2022-10-01T19:27:16 AEST">
  <testcase classname="com.planit.selenium.tests.JupiterShoppingCartTest" name="shoppingCartTest" time="5.993"/>
  <testcase classname="com.planit.selenium.tests.JupiterContactsTest" name="contactsSubmissionE2E" time="11.196"/>
  <testcase classname="com.planit.selenium.tests.JupiterContactsTest" name="contactsSubmissionPositive" time="11.419"/>
  <testcase classname="com.planit.selenium.tests.JupiterContactsTest" name="contactsSubmissionPositive" time="6.401"/>
  <testcase classname="com.planit.selenium.tests.JupiterContactsTest" name="contactsSubmissionPositive" time="7.254"/>
  <testcase classname="com.planit.selenium.tests.JupiterContactsTest" name="contactsSubmissionPositive" time="10.403"/>
  <testcase classname="com.planit.selenium.tests.JupiterContactsTest" name="contactsSubmissionPositive" time="8.022"/>
</testsuite> <!-- Firefox -->
