<?xml version="1.0" encoding="UTF-8"?>
<testng-results ignored="0" total="1" passed="1" failed="0" skipped="0">
  <reporter-output>
  </reporter-output>
  <suite started-at="2022-10-01T14:57:09 AEST" name="Suite1" finished-at="2022-10-01T14:57:18 AEST" duration-ms="9705">
    <groups>
    </groups>
    <test started-at="2022-10-01T14:57:09 AEST" name="Chrome" finished-at="2022-10-01T14:57:18 AEST" duration-ms="9705">
      <class name="com.planit.selenium.tests.JupiterShoppingCartTest">
        <test-method is-config="true" signature="startDriver(java.lang.String)[pri:0, instance:com.planit.selenium.tests.JupiterShoppingCartTest@460d0a57]" started-at="2022-10-01T14:57:09 AEST" name="startDriver" finished-at="2022-10-01T14:57:12 AEST" duration-ms="3719" status="PASS">
          <params>
            <param index="0">
              <value>
                <![CDATA[CHROME]]>
              </value>
            </param>
          </params>
          <reporter-output>
          </reporter-output>
        </test-method> <!-- startDriver -->
        <test-method signature="shoppingCartTest(java.util.List)[pri:0, instance:com.planit.selenium.tests.JupiterShoppingCartTest@460d0a57]" started-at="2022-10-01T14:57:12 AEST" name="shoppingCartTest" data-provider="productsData" finished-at="2022-10-01T14:57:18 AEST" duration-ms="5560" status="PASS">
          <params>
            <param index="0">
              <value>
                <![CDATA[[com.planit.selenium.pojos.Product@75115f29, com.planit.selenium.pojos.Product@39fdecf, com.planit.selenium.pojos.Product@678ae26d]]]>
              </value>
            </param>
          </params>
          <reporter-output>
          </reporter-output>
        </test-method> <!-- shoppingCartTest -->
        <test-method is-config="true" signature="quitDriver(java.lang.String, org.testng.ITestResult)[pri:0, instance:com.planit.selenium.tests.JupiterShoppingCartTest@460d0a57]" started-at="2022-10-01T14:57:18 AEST" name="quitDriver" finished-at="2022-10-01T14:57:18 AEST" duration-ms="401" status="PASS">
          <params>
            <param index="0">
              <value>
                <![CDATA[CHROME]]>
              </value>
            </param>
            <param index="1">
              <value>
                <![CDATA[[TestResult name=shoppingCartTest status=SUCCESS method=JupiterShoppingCartTest.shoppingCartTest(java.util.List)[pri:0, instance:com.planit.selenium.tests.JupiterShoppingCartTest@460d0a57] output={null}]]]>
              </value>
            </param>
          </params>
          <reporter-output>
          </reporter-output>
        </test-method> <!-- quitDriver -->
      </class> <!-- com.planit.selenium.tests.JupiterShoppingCartTest -->
    </test> <!-- Chrome -->
  </suite> <!-- Suite1 -->
</testng-results>
